02.07.2024 13:42:52.529 Info [P:10484 T:17628] - TDM.DataModuleCreate Begin
02.07.2024 13:42:52.529 Info [P:10484 T:17628] - TDM.DataModuleCreate: C:\GitHub\Account\project\Win32\Debug\
02.07.2024 13:42:52.530 Info [P:10484 T:17628] - TDM.DataModuleCreate End
02.07.2024 13:42:58.160 Info [P:10484 T:17628] - TDM.dbConnect Begin
02.07.2024 13:42:58.160 Info [P:10484 T:17628] - TUniMainModule Параметры подключения
02.07.2024 13:42:58.160 Info [P:10484 T:17628] - TUniMainModule ConnectionDefFileName: C:\GitHub\Account\project\Win32\Debug\Connection.ini
02.07.2024 13:42:58.160 Info [P:10484 T:17628] - TUniMainModule FDConnection DriverID: MSSQL
02.07.2024 13:42:58.160 Info [P:10484 T:17628] - TUniMainModule DriverID: MSSQL
02.07.2024 13:42:58.160 Info [P:10484 T:17628] - TUniMainModule Server: WIN-26BJ6Q2GFSI\BOOSTER
02.07.2024 13:42:58.160 Info [P:10484 T:17628] - TUniMainModule Database: AccountDB
02.07.2024 13:42:58.160 Info [P:10484 T:17628] - TUniMainModule User_name:
02.07.2024 13:42:58.179 Info [P:10484 T:17628] - TDM.dbConnect Begin
02.07.2024 13:43:09.294 Info [P:10484 T:17628] - TDM.dbConnect Begin
02.07.2024 13:43:09.294 Info [P:10484 T:17628] - TUniMainModule Параметры подключения
02.07.2024 13:43:09.294 Info [P:10484 T:17628] - TUniMainModule ConnectionDefFileName: C:\GitHub\Account\project\Win32\Debug\Connection.ini
02.07.2024 13:43:09.294 Info [P:10484 T:17628] - TUniMainModule FDConnection DriverID: 
02.07.2024 13:43:09.294 Info [P:10484 T:17628] - TUniMainModule DriverID: MSSQL
02.07.2024 13:43:09.294 Info [P:10484 T:17628] - TUniMainModule Server: WIN-26BJ6Q2GFSI\BOOSTER
02.07.2024 13:43:09.294 Info [P:10484 T:17628] - TUniMainModule Database: AccountDB
02.07.2024 13:43:09.294 Info [P:10484 T:17628] - TUniMainModule User_name:
02.07.2024 13:43:09.322 Info [P:10484 T:17628] - TDM.dbConnect Begin
02.07.2024 13:53:21.002 Info [P:22472 T:29400] - TDM.DataModuleCreate Begin
02.07.2024 13:53:21.002 Info [P:22472 T:29400] - TDM.DataModuleCreate: C:\GitHub\Account\project\Win32\Debug\
02.07.2024 13:53:21.002 Info [P:22472 T:29400] - TDM.DataModuleCreate End
02.07.2024 13:53:46.631 Info [P:9200 T:24372] - TDM.DataModuleCreate Begin
02.07.2024 13:53:46.631 Info [P:9200 T:24372] - TDM.DataModuleCreate: C:\GitHub\Account\project\Win32\Debug\
02.07.2024 13:53:46.631 Info [P:9200 T:24372] - TDM.DataModuleCreate End
02.07.2024 13:53:50.865 Info [P:9200 T:24372] - TDM.dbConnect Begin
02.07.2024 13:53:50.865 Info [P:9200 T:24372] - TUniMainModule Параметры подключения
02.07.2024 13:53:50.865 Info [P:9200 T:24372] - TUniMainModule ConnectionDefFileName: C:\GitHub\Account\project\Win32\Debug\Connection.ini
02.07.2024 13:53:50.865 Info [P:9200 T:24372] - TUniMainModule FDConnection DriverID: MSSQL
02.07.2024 13:53:50.865 Info [P:9200 T:24372] - TUniMainModule DriverID: MSSQL
02.07.2024 13:53:50.866 Info [P:9200 T:24372] - TUniMainModule Server: WIN-26BJ6Q2GFSI\BOOSTER
02.07.2024 13:53:50.866 Info [P:9200 T:24372] - TUniMainModule Database: AccountDB
02.07.2024 13:53:50.866 Info [P:9200 T:24372] - TUniMainModule User_name:
02.07.2024 13:53:50.884 Info [P:9200 T:24372] - TDM.dbConnect Begin
02.07.2024 13:54:25.443 Info [P:16800 T:17552] - TDM.DataModuleCreate Begin
02.07.2024 13:54:25.443 Info [P:16800 T:17552] - TDM.DataModuleCreate: C:\GitHub\Account\project\Win32\Debug\
02.07.2024 13:54:25.444 Info [P:16800 T:17552] - TDM.DataModuleCreate End
02.07.2024 13:54:53.902 Info [P:20200 T:28568] - TDM.DataModuleCreate Begin
02.07.2024 13:54:53.902 Info [P:20200 T:28568] - TDM.DataModuleCreate: C:\GitHub\Account\project\Win32\Debug\
02.07.2024 13:54:53.902 Info [P:20200 T:28568] - TDM.DataModuleCreate End
02.07.2024 13:56:08.053 Info [P:23572 T:7672] - TDM.DataModuleCreate Begin
02.07.2024 13:56:08.053 Info [P:23572 T:7672] - TDM.DataModuleCreate: C:\GitHub\Account\project\Win32\Debug\
02.07.2024 13:56:08.054 Info [P:23572 T:7672] - TDM.DataModuleCreate End
02.07.2024 13:56:38.413 Info [P:8272 T:3248] - TDM.DataModuleCreate Begin
02.07.2024 13:56:38.413 Info [P:8272 T:3248] - TDM.DataModuleCreate: C:\GitHub\Account\project\Win32\Debug\
02.07.2024 13:56:38.414 Info [P:8272 T:3248] - TDM.DataModuleCreate End
02.07.2024 13:56:58.089 Info [P:8900 T:27876] - TDM.DataModuleCreate Begin
02.07.2024 13:56:58.089 Info [P:8900 T:27876] - TDM.DataModuleCreate: C:\GitHub\Account\project\Win32\Debug\
02.07.2024 13:56:58.089 Info [P:8900 T:27876] - TDM.DataModuleCreate End
02.07.2024 13:59:56.762 Info [P:25420 T:28008] - TDM.DataModuleCreate Begin
02.07.2024 13:59:56.762 Info [P:25420 T:28008] - TDM.DataModuleCreate: C:\GitHub\Account\project\Win32\Debug\
02.07.2024 13:59:56.762 Info [P:25420 T:28008] - TDM.DataModuleCreate End
02.07.2024 14:00:38.805 Info [P:15376 T:28624] - TDM.DataModuleCreate Begin
02.07.2024 14:00:38.805 Info [P:15376 T:28624] - TDM.DataModuleCreate: C:\GitHub\Account\project\Win32\Debug\
02.07.2024 14:00:38.806 Info [P:15376 T:28624] - TDM.DataModuleCreate End
02.07.2024 14:01:15.143 Info [P:14024 T:29184] - TDM.DataModuleCreate Begin
02.07.2024 14:01:15.143 Info [P:14024 T:29184] - TDM.DataModuleCreate: C:\GitHub\Account\project\Win32\Debug\
02.07.2024 14:01:15.143 Info [P:14024 T:29184] - TDM.DataModuleCreate End
02.07.2024 14:02:04.308 Info [P:9300 T:19656] - TDM.DataModuleCreate Begin
02.07.2024 14:02:04.308 Info [P:9300 T:19656] - TDM.DataModuleCreate: C:\GitHub\Account\project\Win32\Debug\
02.07.2024 14:02:04.308 Info [P:9300 T:19656] - TDM.DataModuleCreate End
02.07.2024 14:13:49.262 Info [P:7528 T:18156] - TDM.DataModuleCreate Begin
02.07.2024 14:13:49.262 Info [P:7528 T:18156] - TDM.DataModuleCreate: C:\GitHub\Account\project\Win32\Debug\
02.07.2024 14:13:49.263 Info [P:7528 T:18156] - TDM.DataModuleCreate End
02.07.2024 14:17:34.340 Info [P:14472 T:20672] - TDM.DataModuleCreate Begin
02.07.2024 14:17:34.340 Info [P:14472 T:20672] - TDM.DataModuleCreate: C:\GitHub\Account\project\Win32\Debug\
02.07.2024 14:17:34.341 Info [P:14472 T:20672] - TDM.DataModuleCreate End
02.07.2024 14:42:33.163 Info [P:28972 T:11092] - TDM.DataModuleCreate Begin
02.07.2024 14:42:33.163 Info [P:28972 T:11092] - TDM.DataModuleCreate: C:\GitHub\Account\project\Win32\Debug\
02.07.2024 14:42:33.164 Info [P:28972 T:11092] - TDM.DataModuleCreate End
02.07.2024 14:54:22.668 Info [P:22608 T:8352] - TDM.DataModuleCreate Begin
02.07.2024 14:54:22.668 Info [P:22608 T:8352] - TDM.DataModuleCreate: C:\GitHub\Account\project\Win32\Debug\
02.07.2024 14:54:22.672 Info [P:22608 T:8352] - TDM.DataModuleCreate End
02.07.2024 15:37:08.688 Info [P:20488 T:10288] - TDM.DataModuleCreate Begin
02.07.2024 15:37:08.688 Info [P:20488 T:10288] - TDM.DataModuleCreate: C:\GitHub\Account\project\Win32\Debug\
02.07.2024 15:37:08.693 Info [P:20488 T:10288] - TDM.DataModuleCreate End
02.07.2024 15:38:10.899 Info [P:15116 T:20268] - TDM.DataModuleCreate Begin
02.07.2024 15:38:10.899 Info [P:15116 T:20268] - TDM.DataModuleCreate: C:\GitHub\Account\project\Win32\Debug\
02.07.2024 15:38:10.903 Info [P:15116 T:20268] - TDM.DataModuleCreate End
02.07.2024 15:38:27.636 Info [P:24848 T:27368] - TDM.DataModuleCreate Begin
02.07.2024 15:38:27.636 Info [P:24848 T:27368] - TDM.DataModuleCreate: C:\GitHub\Account\project\Win32\Debug\
02.07.2024 15:38:27.641 Info [P:24848 T:27368] - TDM.DataModuleCreate End
02.07.2024 15:39:44.056 Info [P:28024 T:6956] - TDM.DataModuleCreate Begin
02.07.2024 15:39:44.056 Info [P:28024 T:6956] - TDM.DataModuleCreate: C:\GitHub\Account\project\Win32\Debug\
02.07.2024 15:39:44.061 Info [P:28024 T:6956] - TDM.DataModuleCreate End
02.07.2024 15:40:10.431 Info [P:11284 T:21144] - TDM.DataModuleCreate Begin
02.07.2024 15:40:10.431 Info [P:11284 T:21144] - TDM.DataModuleCreate: C:\GitHub\Account\project\Win32\Debug\
02.07.2024 15:40:10.436 Info [P:11284 T:21144] - TDM.DataModuleCreate End
02.07.2024 15:42:34.967 Info [P:27768 T:12912] - TDM.DataModuleCreate Begin
02.07.2024 15:42:34.967 Info [P:27768 T:12912] - TDM.DataModuleCreate: C:\GitHub\Account\project\Win32\Debug\
02.07.2024 15:42:34.972 Info [P:27768 T:12912] - TDM.DataModuleCreate End
02.07.2024 15:45:27.648 Info [P:28400 T:27172] - TDM.DataModuleCreate Begin
02.07.2024 15:45:27.648 Info [P:28400 T:27172] - TDM.DataModuleCreate: C:\GitHub\Account\project\Win32\Debug\
02.07.2024 15:45:27.653 Info [P:28400 T:27172] - TDM.DataModuleCreate End
02.07.2024 15:46:49.680 Info [P:22260 T:29248] - TDM.DataModuleCreate Begin
02.07.2024 15:46:49.680 Info [P:22260 T:29248] - TDM.DataModuleCreate: C:\GitHub\Account\project\Win32\Debug\
02.07.2024 15:46:49.686 Info [P:22260 T:29248] - TDM.DataModuleCreate End
02.07.2024 15:47:13.560 Info [P:13412 T:19112] - TDM.DataModuleCreate Begin
02.07.2024 15:47:13.560 Info [P:13412 T:19112] - TDM.DataModuleCreate: C:\GitHub\Account\project\Win32\Debug\
02.07.2024 15:47:13.565 Info [P:13412 T:19112] - TDM.DataModuleCreate End
02.07.2024 15:47:56.225 Info [P:9920 T:9876] - TDM.DataModuleCreate Begin
02.07.2024 15:47:56.225 Info [P:9920 T:9876] - TDM.DataModuleCreate: C:\GitHub\Account\project\Win32\Debug\
02.07.2024 15:47:56.275 Info [P:9920 T:9876] - TDM.DataModuleCreate End
02.07.2024 15:48:43.465 Info [P:23124 T:9668] - TDM.DataModuleCreate Begin
02.07.2024 15:48:43.465 Info [P:23124 T:9668] - TDM.DataModuleCreate: C:\GitHub\Account\project\Win32\Debug\
02.07.2024 15:48:43.497 Info [P:23124 T:9668] - TDM.DataModuleCreate End
02.07.2024 15:55:17.398 Info [P:26192 T:10408] - TDM.DataModuleCreate Begin
02.07.2024 15:55:17.398 Info [P:26192 T:10408] - TDM.DataModuleCreate: C:\GitHub\Account\project\Win32\Debug\
02.07.2024 15:55:17.403 Info [P:26192 T:10408] - TDM.DataModuleCreate End
02.07.2024 15:56:02.018 Info [P:21460 T:12552] - TDM.DataModuleCreate Begin
02.07.2024 15:56:02.018 Info [P:21460 T:12552] - TDM.DataModuleCreate: C:\GitHub\Account\project\Win32\Debug\
02.07.2024 15:56:02.023 Info [P:21460 T:12552] - TDM.DataModuleCreate End
02.07.2024 15:56:42.906 Info [P:29652 T:7628] - TDM.DataModuleCreate Begin
02.07.2024 15:56:42.906 Info [P:29652 T:7628] - TDM.DataModuleCreate: C:\GitHub\Account\project\Win32\Debug\
02.07.2024 15:56:42.911 Info [P:29652 T:7628] - TDM.DataModuleCreate End
02.07.2024 15:58:13.495 Info [P:6792 T:21284] - TDM.DataModuleCreate Begin
02.07.2024 15:58:13.495 Info [P:6792 T:21284] - TDM.DataModuleCreate: C:\GitHub\Account\project\Win32\Debug\
02.07.2024 15:58:13.500 Info [P:6792 T:21284] - TDM.DataModuleCreate End
02.07.2024 16:04:47.913 Info [P:18664 T:24496] - TDM.DataModuleCreate Begin
02.07.2024 16:04:47.913 Info [P:18664 T:24496] - TDM.DataModuleCreate: C:\GitHub\Account\project\Win32\Debug\
02.07.2024 16:04:47.919 Info [P:18664 T:24496] - TDM.DataModuleCreate End
02.07.2024 16:19:07.989 Info [P:23948 T:12320] - TDM.DataModuleCreate Begin
02.07.2024 16:19:07.989 Info [P:23948 T:12320] - TDM.DataModuleCreate: C:\GitHub\Account\project\Win32\Debug\
02.07.2024 16:19:07.994 Info [P:23948 T:12320] - TDM.DataModuleCreate End
02.07.2024 16:20:10.653 Info [P:19468 T:20268] - TDM.DataModuleCreate Begin
02.07.2024 16:20:10.653 Info [P:19468 T:20268] - TDM.DataModuleCreate: C:\GitHub\Account\project\Win32\Debug\
02.07.2024 16:20:10.658 Info [P:19468 T:20268] - TDM.DataModuleCreate End
02.07.2024 16:47:04.714 Info [P:29164 T:23276] - TDM.DataModuleCreate Begin
02.07.2024 16:47:04.714 Info [P:29164 T:23276] - TDM.DataModuleCreate: C:\GitHub\Account\project\Win32\Debug\
02.07.2024 16:47:04.720 Info [P:29164 T:23276] - TDM.DataModuleCreate End
02.07.2024 16:48:11.075 Info [P:8044 T:10976] - TDM.DataModuleCreate Begin
02.07.2024 16:48:11.075 Info [P:8044 T:10976] - TDM.DataModuleCreate: C:\GitHub\Account\project\Win32\Debug\
02.07.2024 16:48:11.080 Info [P:8044 T:10976] - TDM.DataModuleCreate End
02.07.2024 16:49:35.930 Info [P:11224 T:27280] - TDM.DataModuleCreate Begin
02.07.2024 16:49:35.930 Info [P:11224 T:27280] - TDM.DataModuleCreate: C:\GitHub\Account\project\Win32\Debug\
02.07.2024 16:49:35.936 Info [P:11224 T:27280] - TDM.DataModuleCreate End
02.07.2024 16:51:36.984 Info [P:12076 T:29140] - TDM.DataModuleCreate Begin
02.07.2024 16:51:36.984 Info [P:12076 T:29140] - TDM.DataModuleCreate: C:\GitHub\Account\project\Win32\Debug\
02.07.2024 16:51:36.988 Info [P:12076 T:29140] - TDM.DataModuleCreate End
02.07.2024 16:52:46.877 Info [P:17828 T:19464] - TDM.DataModuleCreate Begin
02.07.2024 16:52:46.877 Info [P:17828 T:19464] - TDM.DataModuleCreate: C:\GitHub\Account\project\Win32\Debug\
02.07.2024 16:52:46.882 Info [P:17828 T:19464] - TDM.DataModuleCreate End
02.07.2024 16:52:58.941 Info [P:11448 T:27772] - TDM.DataModuleCreate Begin
02.07.2024 16:52:58.941 Info [P:11448 T:27772] - TDM.DataModuleCreate: C:\GitHub\Account\project\Win32\Debug\
02.07.2024 16:52:58.946 Info [P:11448 T:27772] - TDM.DataModuleCreate End
02.07.2024 16:56:07.601 Info [P:4512 T:17816] - TDM.DataModuleCreate Begin
02.07.2024 16:56:07.601 Info [P:4512 T:17816] - TDM.DataModuleCreate: C:\GitHub\Account\project\Win32\Debug\
02.07.2024 16:56:07.606 Info [P:4512 T:17816] - TDM.DataModuleCreate End
02.07.2024 16:56:51.961 Info [P:16556 T:29140] - TDM.DataModuleCreate Begin
02.07.2024 16:56:51.961 Info [P:16556 T:29140] - TDM.DataModuleCreate: C:\GitHub\Account\project\Win32\Debug\
02.07.2024 16:56:51.966 Info [P:16556 T:29140] - TDM.DataModuleCreate End
02.07.2024 16:57:32.554 Info [P:17044 T:26828] - TDM.DataModuleCreate Begin
02.07.2024 16:57:32.554 Info [P:17044 T:26828] - TDM.DataModuleCreate: C:\GitHub\Account\project\Win32\Debug\
02.07.2024 16:57:32.559 Info [P:17044 T:26828] - TDM.DataModuleCreate End
02.07.2024 17:00:32.760 Info [P:20920 T:10028] - TDM.DataModuleCreate Begin
02.07.2024 17:00:32.760 Info [P:20920 T:10028] - TDM.DataModuleCreate: C:\GitHub\Account\project\Win32\Debug\
02.07.2024 17:00:32.765 Info [P:20920 T:10028] - TDM.DataModuleCreate End
02.07.2024 17:01:53.967 Info [P:29140 T:16556] - TDM.DataModuleCreate Begin
02.07.2024 17:01:53.967 Info [P:29140 T:16556] - TDM.DataModuleCreate: C:\GitHub\Account\project\Win32\Debug\
02.07.2024 17:01:53.972 Info [P:29140 T:16556] - TDM.DataModuleCreate End
02.07.2024 17:05:30.517 Info [P:10756 T:20552] - TDM.DataModuleCreate Begin
02.07.2024 17:05:30.517 Info [P:10756 T:20552] - TDM.DataModuleCreate: C:\GitHub\Account\project\Win32\Debug\
02.07.2024 17:05:30.522 Info [P:10756 T:20552] - TDM.DataModuleCreate End
02.07.2024 17:06:47.649 Info [P:6820 T:26828] - TDM.DataModuleCreate Begin
02.07.2024 17:06:47.649 Info [P:6820 T:26828] - TDM.DataModuleCreate: C:\GitHub\Account\project\Win32\Debug\
02.07.2024 17:06:47.655 Info [P:6820 T:26828] - TDM.DataModuleCreate End
02.07.2024 17:07:39.618 Info [P:23400 T:9560] - TDM.DataModuleCreate Begin
02.07.2024 17:07:39.618 Info [P:23400 T:9560] - TDM.DataModuleCreate: C:\GitHub\Account\project\Win32\Debug\
02.07.2024 17:07:39.625 Info [P:23400 T:9560] - TDM.DataModuleCreate End
02.07.2024 17:09:24.962 Info [P:25420 T:27580] - TDM.DataModuleCreate Begin
02.07.2024 17:09:24.962 Info [P:25420 T:27580] - TDM.DataModuleCreate: C:\GitHub\Account\project\Win32\Debug\
02.07.2024 17:09:24.966 Info [P:25420 T:27580] - TDM.DataModuleCreate End
02.07.2024 17:20:55.404 Info [P:8540 T:29044] - TDM.DataModuleCreate Begin
02.07.2024 17:20:55.404 Info [P:8540 T:29044] - TDM.DataModuleCreate: C:\GitHub\Account\project\Win32\Debug\
02.07.2024 17:20:55.410 Info [P:8540 T:29044] - TDM.DataModuleCreate End
02.07.2024 17:22:18.669 Info [P:19536 T:15828] - TDM.DataModuleCreate Begin
02.07.2024 17:22:18.669 Info [P:19536 T:15828] - TDM.DataModuleCreate: C:\GitHub\Account\project\Win32\Debug\
02.07.2024 17:22:18.675 Info [P:19536 T:15828] - TDM.DataModuleCreate End
02.07.2024 17:22:40.431 Info [P:11692 T:7276] - TDM.DataModuleCreate Begin
02.07.2024 17:22:40.431 Info [P:11692 T:7276] - TDM.DataModuleCreate: C:\GitHub\Account\project\Win32\Debug\
02.07.2024 17:22:40.436 Info [P:11692 T:7276] - TDM.DataModuleCreate End
02.07.2024 17:23:00.511 Info [P:10192 T:8836] - TDM.DataModuleCreate Begin
02.07.2024 17:23:00.511 Info [P:10192 T:8836] - TDM.DataModuleCreate: C:\GitHub\Account\project\Win32\Debug\
02.07.2024 17:23:00.516 Info [P:10192 T:8836] - TDM.DataModuleCreate End
02.07.2024 17:23:25.845 Info [P:16204 T:27780] - TDM.DataModuleCreate Begin
02.07.2024 17:23:25.845 Info [P:16204 T:27780] - TDM.DataModuleCreate: C:\GitHub\Account\project\Win32\Debug\
02.07.2024 17:23:25.850 Info [P:16204 T:27780] - TDM.DataModuleCreate End
02.07.2024 17:26:51.535 Info [P:28620 T:15288] - TDM.DataModuleCreate Begin
02.07.2024 17:26:51.535 Info [P:28620 T:15288] - TDM.DataModuleCreate: C:\GitHub\Account\project\Win32\Debug\
02.07.2024 17:26:51.542 Info [P:28620 T:15288] - TDM.DataModuleCreate End
02.07.2024 17:28:36.959 Info [P:13880 T:1452] - TDM.DataModuleCreate Begin
02.07.2024 17:28:36.959 Info [P:13880 T:1452] - TDM.DataModuleCreate: C:\GitHub\Account\project\Win32\Debug\
02.07.2024 17:28:36.964 Info [P:13880 T:1452] - TDM.DataModuleCreate End
02.07.2024 17:29:36.760 Info [P:25696 T:18620] - TDM.DataModuleCreate Begin
02.07.2024 17:29:36.760 Info [P:25696 T:18620] - TDM.DataModuleCreate: C:\GitHub\Account\project\Win32\Debug\
02.07.2024 17:29:36.765 Info [P:25696 T:18620] - TDM.DataModuleCreate End
02.07.2024 17:30:12.503 Info [P:18888 T:6792] - TDM.DataModuleCreate Begin
02.07.2024 17:30:12.503 Info [P:18888 T:6792] - TDM.DataModuleCreate: C:\GitHub\Account\project\Win32\Debug\
02.07.2024 17:30:12.509 Info [P:18888 T:6792] - TDM.DataModuleCreate End
02.07.2024 17:32:17.401 Info [P:27396 T:26468] - TDM.DataModuleCreate Begin
02.07.2024 17:32:17.401 Info [P:27396 T:26468] - TDM.DataModuleCreate: C:\GitHub\Account\project\Win32\Debug\
02.07.2024 17:32:17.406 Info [P:27396 T:26468] - TDM.DataModuleCreate End
02.07.2024 17:32:39.138 Info [P:24908 T:19576] - TDM.DataModuleCreate Begin
02.07.2024 17:32:39.149 Info [P:24908 T:19576] - TDM.DataModuleCreate: C:\GitHub\Account\project\Win32\Debug\
02.07.2024 17:32:39.374 Info [P:24908 T:19576] - TDM.DataModuleCreate End
02.07.2024 17:32:50.601 Info [P:9348 T:17808] - TDM.DataModuleCreate Begin
02.07.2024 17:32:50.608 Info [P:9348 T:17808] - TDM.DataModuleCreate: C:\GitHub\Account\project\Win32\Debug\
02.07.2024 17:32:50.656 Info [P:9348 T:17808] - TDM.DataModuleCreate End
02.07.2024 17:35:18.362 Info [P:26116 T:20140] - TDM.DataModuleCreate Begin
02.07.2024 17:35:18.362 Info [P:26116 T:20140] - TDM.DataModuleCreate: C:\GitHub\Account\project\Win32\Debug\
02.07.2024 17:35:18.367 Info [P:26116 T:20140] - TDM.DataModuleCreate End
02.07.2024 17:38:30.077 Info [P:16144 T:28800] - TDM.DataModuleCreate Begin
02.07.2024 17:38:30.077 Info [P:16144 T:28800] - TDM.DataModuleCreate: C:\GitHub\Account\project\Win32\Debug\
02.07.2024 17:38:30.083 Info [P:16144 T:28800] - TDM.DataModuleCreate End
02.07.2024 17:39:07.062 Info [P:18276 T:17564] - TDM.DataModuleCreate Begin
02.07.2024 17:39:07.062 Info [P:18276 T:17564] - TDM.DataModuleCreate: C:\GitHub\Account\project\Win32\Debug\
02.07.2024 17:39:07.068 Info [P:18276 T:17564] - TDM.DataModuleCreate End
02.07.2024 17:39:40.343 Info [P:7160 T:13344] - TDM.DataModuleCreate Begin
02.07.2024 17:39:40.343 Info [P:7160 T:13344] - TDM.DataModuleCreate: C:\GitHub\Account\project\Win32\Debug\
02.07.2024 17:39:40.347 Info [P:7160 T:13344] - TDM.DataModuleCreate End
02.07.2024 17:39:57.563 Info [P:23044 T:18096] - TDM.DataModuleCreate Begin
02.07.2024 17:39:57.563 Info [P:23044 T:18096] - TDM.DataModuleCreate: C:\GitHub\Account\project\Win32\Debug\
02.07.2024 17:39:57.569 Info [P:23044 T:18096] - TDM.DataModuleCreate End
02.07.2024 17:43:28.916 Info [P:27996 T:15776] - TDM.DataModuleCreate Begin
02.07.2024 17:43:28.916 Info [P:27996 T:15776] - TDM.DataModuleCreate: C:\GitHub\Account\project\Win32\Debug\
02.07.2024 17:43:28.922 Info [P:27996 T:15776] - TDM.DataModuleCreate End
02.07.2024 17:45:48.453 Info [P:12384 T:23840] - TDM.DataModuleCreate Begin
02.07.2024 17:45:48.453 Info [P:12384 T:23840] - TDM.DataModuleCreate: C:\GitHub\Account\project\Win32\Debug\
02.07.2024 17:45:48.459 Info [P:12384 T:23840] - TDM.DataModuleCreate End
02.07.2024 17:46:13.374 Info [P:19520 T:22244] - TDM.DataModuleCreate Begin
02.07.2024 17:46:13.374 Info [P:19520 T:22244] - TDM.DataModuleCreate: C:\GitHub\Account\project\Win32\Debug\
02.07.2024 17:46:13.380 Info [P:19520 T:22244] - TDM.DataModuleCreate End
02.07.2024 17:49:34.765 Info [P:12540 T:6892] - TDM.DataModuleCreate Begin
02.07.2024 17:49:34.765 Info [P:12540 T:6892] - TDM.DataModuleCreate: C:\GitHub\Account\project\Win32\Debug\
02.07.2024 17:49:34.771 Info [P:12540 T:6892] - TDM.DataModuleCreate End
02.07.2024 17:50:25.794 Info [P:27792 T:17520] - TDM.DataModuleCreate Begin
02.07.2024 17:50:25.794 Info [P:27792 T:17520] - TDM.DataModuleCreate: C:\GitHub\Account\project\Win32\Debug\
02.07.2024 17:50:25.800 Info [P:27792 T:17520] - TDM.DataModuleCreate End
02.07.2024 17:50:44.397 Info [P:26672 T:28024] - TDM.DataModuleCreate Begin
02.07.2024 17:50:44.397 Info [P:26672 T:28024] - TDM.DataModuleCreate: C:\GitHub\Account\project\Win32\Debug\
02.07.2024 17:50:44.403 Info [P:26672 T:28024] - TDM.DataModuleCreate End
02.07.2024 17:50:55.069 Info [P:19712 T:18372] - TDM.DataModuleCreate Begin
02.07.2024 17:50:55.069 Info [P:19712 T:18372] - TDM.DataModuleCreate: C:\GitHub\Account\project\Win32\Debug\
02.07.2024 17:50:55.075 Info [P:19712 T:18372] - TDM.DataModuleCreate End
02.07.2024 17:53:01.910 Info [P:13828 T:13728] - TDM.DataModuleCreate Begin
02.07.2024 17:53:01.910 Info [P:13828 T:13728] - TDM.DataModuleCreate: C:\GitHub\Account\project\Win32\Debug\
02.07.2024 17:53:01.915 Info [P:13828 T:13728] - TDM.DataModuleCreate End
02.07.2024 17:54:39.702 Info [P:14048 T:29040] - TDM.DataModuleCreate Begin
02.07.2024 17:54:39.702 Info [P:14048 T:29040] - TDM.DataModuleCreate: C:\GitHub\Account\project\Win32\Debug\
02.07.2024 17:54:39.708 Info [P:14048 T:29040] - TDM.DataModuleCreate End
02.07.2024 17:54:50.714 Info [P:14312 T:16332] - TDM.DataModuleCreate Begin
02.07.2024 17:54:50.714 Info [P:14312 T:16332] - TDM.DataModuleCreate: C:\GitHub\Account\project\Win32\Debug\
02.07.2024 17:54:50.720 Info [P:14312 T:16332] - TDM.DataModuleCreate End
02.07.2024 17:55:52.662 Info [P:23584 T:3840] - TDM.DataModuleCreate Begin
02.07.2024 17:55:52.662 Info [P:23584 T:3840] - TDM.DataModuleCreate: C:\GitHub\Account\project\Win32\Debug\
02.07.2024 17:55:52.666 Info [P:23584 T:3840] - TDM.DataModuleCreate End
02.07.2024 17:57:38.684 Info [P:18340 T:18820] - TDM.DataModuleCreate Begin
02.07.2024 17:57:38.684 Info [P:18340 T:18820] - TDM.DataModuleCreate: C:\GitHub\Account\project\Win32\Debug\
02.07.2024 17:57:38.689 Info [P:18340 T:18820] - TDM.DataModuleCreate End
02.07.2024 17:57:46.410 Info [P:19828 T:22624] - TDM.DataModuleCreate Begin
02.07.2024 17:57:46.410 Info [P:19828 T:22624] - TDM.DataModuleCreate: C:\GitHub\Account\project\Win32\Debug\
02.07.2024 17:57:46.415 Info [P:19828 T:22624] - TDM.DataModuleCreate End
02.07.2024 17:59:13.746 Info [P:6868 T:22760] - TDM.DataModuleCreate Begin
02.07.2024 17:59:13.746 Info [P:6868 T:22760] - TDM.DataModuleCreate: C:\GitHub\Account\project\Win32\Debug\
02.07.2024 17:59:13.751 Info [P:6868 T:22760] - TDM.DataModuleCreate End
02.07.2024 18:00:22.953 Info [P:23232 T:17020] - TDM.DataModuleCreate Begin
02.07.2024 18:00:22.953 Info [P:23232 T:17020] - TDM.DataModuleCreate: C:\GitHub\Account\project\Win32\Debug\
02.07.2024 18:00:22.959 Info [P:23232 T:17020] - TDM.DataModuleCreate End
02.07.2024 18:04:00.973 Info [P:26468 T:15352] - TDM.DataModuleCreate Begin
02.07.2024 18:04:00.973 Info [P:26468 T:15352] - TDM.DataModuleCreate: C:\GitHub\Account\project\Win32\Debug\
02.07.2024 18:04:00.977 Info [P:26468 T:15352] - TDM.DataModuleCreate End
02.07.2024 18:04:34.869 Info [P:29636 T:29356] - TDM.DataModuleCreate Begin
02.07.2024 18:04:34.869 Info [P:29636 T:29356] - TDM.DataModuleCreate: C:\GitHub\Account\project\Win32\Debug\
02.07.2024 18:04:34.874 Info [P:29636 T:29356] - TDM.DataModuleCreate End
02.07.2024 18:05:59.781 Info [P:26116 T:18772] - TDM.DataModuleCreate Begin
02.07.2024 18:05:59.781 Info [P:26116 T:18772] - TDM.DataModuleCreate: C:\GitHub\Account\project\Win32\Debug\
02.07.2024 18:05:59.787 Info [P:26116 T:18772] - TDM.DataModuleCreate End
02.07.2024 18:09:24.554 Info [P:26756 T:12168] - TDM.DataModuleCreate Begin
02.07.2024 18:09:24.554 Info [P:26756 T:12168] - TDM.DataModuleCreate: C:\GitHub\Account\project\Win32\Debug\
02.07.2024 18:09:24.559 Info [P:26756 T:12168] - TDM.DataModuleCreate End
02.07.2024 18:09:57.404 Info [P:24764 T:8952] - TDM.DataModuleCreate Begin
02.07.2024 18:09:57.404 Info [P:24764 T:8952] - TDM.DataModuleCreate: C:\GitHub\Account\project\Win32\Debug\
02.07.2024 18:09:57.409 Info [P:24764 T:8952] - TDM.DataModuleCreate End
02.07.2024 18:10:41.402 Info [P:8656 T:16352] - TDM.DataModuleCreate Begin
02.07.2024 18:10:41.402 Info [P:8656 T:16352] - TDM.DataModuleCreate: C:\GitHub\Account\project\Win32\Debug\
02.07.2024 18:10:41.407 Info [P:8656 T:16352] - TDM.DataModuleCreate End
02.07.2024 18:11:32.898 Info [P:12384 T:15568] - TDM.DataModuleCreate Begin
02.07.2024 18:11:32.898 Info [P:12384 T:15568] - TDM.DataModuleCreate: C:\GitHub\Account\project\Win32\Debug\
02.07.2024 18:11:32.903 Info [P:12384 T:15568] - TDM.DataModuleCreate End
02.07.2024 18:11:57.962 Info [P:6736 T:12728] - TDM.DataModuleCreate Begin
02.07.2024 18:11:57.962 Info [P:6736 T:12728] - TDM.DataModuleCreate: C:\GitHub\Account\project\Win32\Debug\
02.07.2024 18:11:57.967 Info [P:6736 T:12728] - TDM.DataModuleCreate End
02.07.2024 18:12:55.815 Info [P:27532 T:24844] - TDM.DataModuleCreate Begin
02.07.2024 18:12:55.815 Info [P:27532 T:24844] - TDM.DataModuleCreate: C:\GitHub\Account\project\Win32\Debug\
02.07.2024 18:12:55.819 Info [P:27532 T:24844] - TDM.DataModuleCreate End
02.07.2024 18:14:01.289 Info [P:28828 T:16888] - TDM.DataModuleCreate Begin
02.07.2024 18:14:01.289 Info [P:28828 T:16888] - TDM.DataModuleCreate: C:\GitHub\Account\project\Win32\Debug\
02.07.2024 18:14:01.294 Info [P:28828 T:16888] - TDM.DataModuleCreate End
02.07.2024 18:17:23.457 Info [P:25832 T:29172] - TDM.DataModuleCreate Begin
02.07.2024 18:17:23.457 Info [P:25832 T:29172] - TDM.DataModuleCreate: C:\GitHub\Account\project\Win32\Debug\
02.07.2024 18:17:23.463 Info [P:25832 T:29172] - TDM.DataModuleCreate End
02.07.2024 18:18:49.912 Info [P:15236 T:3480] - TDM.DataModuleCreate Begin
02.07.2024 18:18:49.912 Info [P:15236 T:3480] - TDM.DataModuleCreate: C:\GitHub\Account\project\Win32\Debug\
02.07.2024 18:18:49.917 Info [P:15236 T:3480] - TDM.DataModuleCreate End
02.07.2024 18:21:16.585 Info [P:19392 T:12484] - TDM.DataModuleCreate Begin
02.07.2024 18:21:16.585 Info [P:19392 T:12484] - TDM.DataModuleCreate: C:\GitHub\Account\project\Win32\Debug\
02.07.2024 18:21:16.591 Info [P:19392 T:12484] - TDM.DataModuleCreate End
02.07.2024 18:21:58.339 Info [P:21900 T:10756] - TDM.DataModuleCreate Begin
02.07.2024 18:21:58.339 Info [P:21900 T:10756] - TDM.DataModuleCreate: C:\GitHub\Account\project\Win32\Debug\
02.07.2024 18:21:58.345 Info [P:21900 T:10756] - TDM.DataModuleCreate End
02.07.2024 18:22:13.371 Info [P:11112 T:22356] - TDM.DataModuleCreate Begin
02.07.2024 18:22:13.371 Info [P:11112 T:22356] - TDM.DataModuleCreate: C:\GitHub\Account\project\Win32\Debug\
02.07.2024 18:22:13.376 Info [P:11112 T:22356] - TDM.DataModuleCreate End
02.07.2024 18:22:22.316 Info [P:27668 T:15920] - TDM.DataModuleCreate Begin
02.07.2024 18:22:22.316 Info [P:27668 T:15920] - TDM.DataModuleCreate: C:\GitHub\Account\project\Win32\Debug\
02.07.2024 18:22:22.321 Info [P:27668 T:15920] - TDM.DataModuleCreate End
02.07.2024 18:22:52.282 Info [P:29228 T:3464] - TDM.DataModuleCreate Begin
02.07.2024 18:22:52.282 Info [P:29228 T:3464] - TDM.DataModuleCreate: C:\GitHub\Account\project\Win32\Debug\
02.07.2024 18:22:52.287 Info [P:29228 T:3464] - TDM.DataModuleCreate End
02.07.2024 18:23:12.569 Info [P:15524 T:29596] - TDM.DataModuleCreate Begin
02.07.2024 18:23:12.569 Info [P:15524 T:29596] - TDM.DataModuleCreate: C:\GitHub\Account\project\Win32\Debug\
02.07.2024 18:23:12.574 Info [P:15524 T:29596] - TDM.DataModuleCreate End
02.07.2024 18:24:55.696 Info [P:12868 T:9680] - TDM.DataModuleCreate Begin
02.07.2024 18:24:55.696 Info [P:12868 T:9680] - TDM.DataModuleCreate: C:\GitHub\Account\project\Win32\Debug\
02.07.2024 18:24:55.701 Info [P:12868 T:9680] - TDM.DataModuleCreate End
02.07.2024 18:34:56.373 Info [P:26368 T:23924] - TDM.DataModuleCreate Begin
02.07.2024 18:34:56.373 Info [P:26368 T:23924] - TDM.DataModuleCreate: C:\GitHub\Account\project\Win32\Debug\
02.07.2024 18:34:56.379 Info [P:26368 T:23924] - TDM.DataModuleCreate End
02.07.2024 18:42:04.553 Info [P:3324 T:16844] - TDM.DataModuleCreate Begin
02.07.2024 18:42:04.553 Info [P:3324 T:16844] - TDM.DataModuleCreate: C:\GitHub\Account\project\Win32\Debug\
02.07.2024 18:42:04.559 Info [P:3324 T:16844] - TDM.DataModuleCreate End
02.07.2024 18:42:18.763 Info [P:29260 T:16760] - TDM.DataModuleCreate Begin
02.07.2024 18:42:18.763 Info [P:29260 T:16760] - TDM.DataModuleCreate: C:\GitHub\Account\project\Win32\Debug\
02.07.2024 18:42:18.768 Info [P:29260 T:16760] - TDM.DataModuleCreate End
02.07.2024 18:42:41.443 Info [P:18692 T:27448] - TDM.DataModuleCreate Begin
02.07.2024 18:42:41.443 Info [P:18692 T:27448] - TDM.DataModuleCreate: C:\GitHub\Account\project\Win32\Debug\
02.07.2024 18:42:41.447 Info [P:18692 T:27448] - TDM.DataModuleCreate End
02.07.2024 18:44:20.997 Info [P:32 T:17672] - TDM.DataModuleCreate Begin
02.07.2024 18:44:20.997 Info [P:32 T:17672] - TDM.DataModuleCreate: C:\GitHub\Account\project\Win32\Debug\
02.07.2024 18:44:21.003 Info [P:32 T:17672] - TDM.DataModuleCreate End
02.07.2024 18:47:21.326 Info [P:28620 T:20544] - TDM.DataModuleCreate Begin
02.07.2024 18:47:21.326 Info [P:28620 T:20544] - TDM.DataModuleCreate: C:\GitHub\Account\project\Win32\Debug\
02.07.2024 18:47:21.331 Info [P:28620 T:20544] - TDM.DataModuleCreate End
02.07.2024 19:22:40.843 Info [P:20452 T:11540] - TDM.DataModuleCreate Begin
02.07.2024 19:22:40.843 Info [P:20452 T:11540] - TDM.DataModuleCreate: C:\GitHub\Account\project\Win32\Debug\
02.07.2024 19:22:40.849 Info [P:20452 T:11540] - TDM.DataModuleCreate End
02.07.2024 19:30:40.607 Info [P:9308 T:17040] - TDM.DataModuleCreate Begin
02.07.2024 19:30:40.607 Info [P:9308 T:17040] - TDM.DataModuleCreate: C:\GitHub\Account\project\Win32\Debug\
02.07.2024 19:30:40.612 Info [P:9308 T:17040] - TDM.DataModuleCreate End
02.07.2024 19:40:10.762 Info [P:14024 T:22472] - TDM.DataModuleCreate Begin
02.07.2024 19:40:10.762 Info [P:14024 T:22472] - TDM.DataModuleCreate: C:\GitHub\Account\project\Win32\Debug\
02.07.2024 19:40:10.767 Info [P:14024 T:22472] - TDM.DataModuleCreate End
02.07.2024 19:41:30.326 Info [P:26212 T:9612] - TDM.DataModuleCreate Begin
02.07.2024 19:41:30.326 Info [P:26212 T:9612] - TDM.DataModuleCreate: C:\GitHub\Account\project\Win32\Debug\
02.07.2024 19:41:30.332 Info [P:26212 T:9612] - TDM.DataModuleCreate End
02.07.2024 23:34:48.657 Info [P:13440 T:28876] - TDM.DataModuleCreate Begin
02.07.2024 23:34:48.657 Info [P:13440 T:28876] - TDM.DataModuleCreate: C:\GitHub\Account\project\Win32\Debug\
02.07.2024 23:34:48.662 Info [P:13440 T:28876] - TDM.DataModuleCreate End
02.07.2024 23:38:07.127 Info [P:29588 T:17600] - TDM.DataModuleCreate Begin
02.07.2024 23:38:07.127 Info [P:29588 T:17600] - TDM.DataModuleCreate: C:\GitHub\Account\project\Win32\Debug\
02.07.2024 23:38:07.132 Info [P:29588 T:17600] - TDM.DataModuleCreate End
