04.07.2024 01:00:42.873 Info [P:13344 T:26164] - TableViewEditing
04.07.2024 01:00:42.876 Info [P:13344 T:26164] - TableViewInitEdit
04.07.2024 01:00:42.876 Info [P:13344 T:26164] - TableViewInitEditValue
04.07.2024 01:00:43.487 Info [P:13344 T:26164] - TableViewUpdateEdit
04.07.2024 01:00:47.319 Info [P:13344 T:26164] - TableViewEditing
04.07.2024 01:00:47.322 Info [P:13344 T:26164] - TableViewInitEdit
04.07.2024 01:00:47.322 Info [P:13344 T:26164] - TableViewInitEditValue
04.07.2024 01:00:47.903 Info [P:13344 T:26164] - TableViewUpdateEdit
04.07.2024 01:00:51.168 Info [P:13344 T:26164] - TableViewEditing
04.07.2024 01:00:51.170 Info [P:13344 T:26164] - TableViewInitEdit
04.07.2024 01:00:51.170 Info [P:13344 T:26164] - TableViewInitEditValue
04.07.2024 01:00:51.761 Info [P:13344 T:26164] - TableViewUpdateEdit
04.07.2024 01:00:57.235 Info [P:13344 T:26164] - TableViewUpdateEdit
04.07.2024 01:00:57.353 Info [P:13344 T:26164] - qContactBeforeDelete
04.07.2024 01:00:57.354 Info [P:13344 T:26164] - TableViewDataControllerDataChanged
04.07.2024 01:01:05.250 Info [P:13344 T:26164] - qContactBeforeDelete
04.07.2024 01:01:05.252 Info [P:13344 T:26164] - TableViewDataControllerDataChanged
04.07.2024 01:01:10.504 Info [P:13344 T:26164] - qContactBeforeDelete
04.07.2024 01:01:10.505 Info [P:13344 T:26164] - TableViewDataControllerDataChanged
04.07.2024 01:01:16.311 Info [P:13344 T:26164] - qContactBeforeInsert
04.07.2024 01:01:16.312 Info [P:13344 T:26164] - TableViewDataControllerDataChanged
04.07.2024 01:01:17.731 Info [P:13344 T:26164] - TableViewEditing
04.07.2024 01:01:17.734 Info [P:13344 T:26164] - TableViewInitEdit
04.07.2024 01:01:17.734 Info [P:13344 T:26164] - TableViewInitEditValue
04.07.2024 01:01:18.357 Info [P:13344 T:26164] - TableViewUpdateEdit
04.07.2024 01:01:26.899 Info [P:13344 T:26164] - TableViewUpdateEdit
04.07.2024 01:01:27.598 Info [P:13344 T:26164] - TableViewUpdateEdit
04.07.2024 01:01:30.243 Info [P:13344 T:26164] - TableViewUpdateEdit
04.07.2024 01:01:30.335 Info [P:13344 T:26164] - TableViewDataControllerDataChanged
04.07.2024 01:04:36.091 Info [P:28756 T:29212] - TDM.DataModuleCreate Begin
04.07.2024 01:04:36.091 Info [P:28756 T:29212] - TDM.DataModuleCreate: C:\GitHub\Account\project\Win32\Debug\
04.07.2024 01:04:36.100 Info [P:28756 T:29212] - TDM.DataModuleCreate End
04.07.2024 01:04:36.122 Info [P:28756 T:29212] - TableViewDataControllerDataChanged
04.07.2024 01:04:36.164 Info [P:28756 T:29212] - qContactBeforeOpen
04.07.2024 01:04:36.181 Info [P:28756 T:29212] - TableViewDataControllerDataChanged
04.07.2024 01:04:36.207 Info [P:28756 T:29212] - TableViewDataControllerDataChanged
04.07.2024 01:04:36.208 Info [P:28756 T:29212] - qContactBeforeOpen
04.07.2024 01:04:36.208 Info [P:28756 T:29212] - TableViewDataControllerDataChanged
04.07.2024 01:04:40.955 Info [P:28756 T:29212] - qContactBeforeDelete
04.07.2024 01:04:40.956 Info [P:28756 T:29212] - TableViewDataControllerDataChanged
04.07.2024 01:04:42.639 Info [P:28756 T:29212] - qContactBeforeInsert
04.07.2024 01:04:42.644 Info [P:28756 T:29212] - TableViewDataControllerDataChanged
04.07.2024 01:04:43.662 Info [P:28756 T:29212] - TableViewEditing
04.07.2024 01:04:43.663 Info [P:28756 T:29212] - TableViewInitEdit
04.07.2024 01:04:43.663 Info [P:28756 T:29212] - TableViewInitEditValue
04.07.2024 01:04:44.443 Info [P:28756 T:29212] - TableViewEditChanged
04.07.2024 01:04:44.562 Info [P:28756 T:29212] - TableViewEditChanged
04.07.2024 01:04:44.578 Info [P:28756 T:29212] - TableViewEditChanged
04.07.2024 01:04:44.705 Info [P:28756 T:29212] - TableViewEditChanged
04.07.2024 01:04:44.913 Info [P:28756 T:29212] - TableViewEditChanged
04.07.2024 01:04:44.929 Info [P:28756 T:29212] - TableViewEditChanged
04.07.2024 01:04:45.057 Info [P:28756 T:29212] - TableViewEditChanged
04.07.2024 01:04:45.195 Info [P:28756 T:29212] - TableViewEditChanged
04.07.2024 01:04:45.211 Info [P:28756 T:29212] - TableViewEditChanged
04.07.2024 01:04:45.313 Info [P:28756 T:29212] - TableViewEditChanged
04.07.2024 01:04:45.621 Info [P:28756 T:29212] - TableViewInitEditValue
04.07.2024 01:04:45.621 Info [P:28756 T:29212] - qContactBeforePost
04.07.2024 01:04:45.622 Info [P:28756 T:29212] - TableViewDataControllerDataChanged
04.07.2024 01:04:48.548 Info [P:28756 T:29212] - qContactBeforeDelete
04.07.2024 01:04:48.550 Info [P:28756 T:29212] - TableViewDataControllerDataChanged
04.07.2024 01:04:50.068 Info [P:28756 T:29212] - qContactBeforeInsert
04.07.2024 01:04:50.070 Info [P:28756 T:29212] - TableViewDataControllerDataChanged
04.07.2024 01:04:50.837 Info [P:28756 T:29212] - TableViewEditing
04.07.2024 01:04:50.840 Info [P:28756 T:29212] - TableViewInitEdit
04.07.2024 01:04:50.840 Info [P:28756 T:29212] - TableViewInitEditValue
04.07.2024 01:04:51.066 Info [P:28756 T:29212] - TableViewEditChanged
04.07.2024 01:04:51.210 Info [P:28756 T:29212] - TableViewEditChanged
04.07.2024 01:04:51.258 Info [P:28756 T:29212] - TableViewEditChanged
04.07.2024 01:04:51.457 Info [P:28756 T:29212] - TableViewEditChanged
04.07.2024 01:04:51.529 Info [P:28756 T:29212] - TableViewEditChanged
04.07.2024 01:04:51.609 Info [P:28756 T:29212] - TableViewEditChanged
04.07.2024 01:04:51.790 Info [P:28756 T:29212] - TableViewEditChanged
04.07.2024 01:04:51.802 Info [P:28756 T:29212] - TableViewEditChanged
04.07.2024 01:04:51.930 Info [P:28756 T:29212] - TableViewEditChanged
04.07.2024 01:04:52.018 Info [P:28756 T:29212] - TableViewEditChanged
04.07.2024 01:04:52.051 Info [P:28756 T:29212] - TableViewEditChanged
04.07.2024 01:04:52.145 Info [P:28756 T:29212] - TableViewEditChanged
04.07.2024 01:04:53.031 Info [P:28756 T:29212] - TableViewInitEditValue
04.07.2024 01:04:53.031 Info [P:28756 T:29212] - qContactBeforePost
04.07.2024 01:04:53.032 Info [P:28756 T:29212] - TableViewDataControllerDataChanged
04.07.2024 01:04:59.395 Info [P:28756 T:29212] - TableViewEditing
04.07.2024 01:04:59.398 Info [P:28756 T:29212] - TableViewInitEdit
04.07.2024 01:04:59.398 Info [P:28756 T:29212] - TableViewInitEditValue
04.07.2024 01:04:59.713 Info [P:28756 T:29212] - qContactBeforeEdit
04.07.2024 01:04:59.714 Info [P:28756 T:29212] - TableViewEditChanged
04.07.2024 01:04:59.715 Info [P:28756 T:29212] - TableViewUpdateEdit
04.07.2024 01:04:59.866 Info [P:28756 T:29212] - TableViewEditChanged
04.07.2024 01:04:59.897 Info [P:28756 T:29212] - TableViewEditChanged
04.07.2024 01:05:00.122 Info [P:28756 T:29212] - TableViewEditChanged
04.07.2024 01:05:00.146 Info [P:28756 T:29212] - TableViewEditChanged
04.07.2024 01:05:00.274 Info [P:28756 T:29212] - TableViewEditChanged
04.07.2024 01:05:00.450 Info [P:28756 T:29212] - TableViewEditChanged
04.07.2024 01:05:00.451 Info [P:28756 T:29212] - TableViewEditChanged
04.07.2024 01:05:00.554 Info [P:28756 T:29212] - TableViewEditChanged
04.07.2024 01:05:00.674 Info [P:28756 T:29212] - TableViewEditChanged
04.07.2024 01:05:00.691 Info [P:28756 T:29212] - TableViewEditChanged
04.07.2024 01:05:00.842 Info [P:28756 T:29212] - TableViewEditChanged
04.07.2024 01:05:01.641 Info [P:28756 T:29212] - TableViewInitEditValue
04.07.2024 01:05:01.642 Info [P:28756 T:29212] - qContactBeforePost
04.07.2024 01:05:01.643 Info [P:28756 T:29212] - TableViewDataControllerDataChanged
04.07.2024 01:05:59.305 Info [P:20452 T:26828] - TDM.DataModuleCreate Begin
04.07.2024 01:05:59.305 Info [P:20452 T:26828] - TDM.DataModuleCreate: C:\GitHub\Account\project\Win32\Debug\
04.07.2024 01:05:59.317 Info [P:20452 T:26828] - TDM.DataModuleCreate End
04.07.2024 01:07:56.988 Info [P:8832 T:20272] - TDM.DataModuleCreate Begin
04.07.2024 01:07:56.988 Info [P:8832 T:20272] - TDM.DataModuleCreate: C:\GitHub\Account\project\Win32\Debug\
04.07.2024 01:07:57.001 Info [P:8832 T:20272] - TDM.DataModuleCreate End
04.07.2024 01:12:57.010 Info [P:30564 T:30608] - TDM.DataModuleCreate Begin
04.07.2024 01:12:57.010 Info [P:30564 T:30608] - TDM.DataModuleCreate: C:\GitHub\Account\project\Win32\Debug\
04.07.2024 01:12:57.025 Info [P:30564 T:30608] - TDM.DataModuleCreate End
04.07.2024 01:15:44.755 Info [P:24668 T:23380] - TDM.DataModuleCreate Begin
04.07.2024 01:15:44.755 Info [P:24668 T:23380] - TDM.DataModuleCreate: C:\GitHub\Account\project\Win32\Debug\
04.07.2024 01:15:44.768 Info [P:24668 T:23380] - TDM.DataModuleCreate End
04.07.2024 01:15:53.073 Info [P:24256 T:15444] - TDM.DataModuleCreate Begin
04.07.2024 01:15:53.073 Info [P:24256 T:15444] - TDM.DataModuleCreate: C:\GitHub\Account\project\Win32\Debug\
04.07.2024 01:15:53.082 Info [P:24256 T:15444] - TDM.DataModuleCreate End
04.07.2024 01:18:46.616 Info [P:6388 T:8052] - TDM.DataModuleCreate Begin
04.07.2024 01:18:46.616 Info [P:6388 T:8052] - TDM.DataModuleCreate: C:\GitHub\Account\project\Win32\Debug\
04.07.2024 01:18:46.626 Info [P:6388 T:8052] - TDM.DataModuleCreate End
04.07.2024 01:20:06.009 Info [P:23396 T:18768] - TDM.DataModuleCreate Begin
04.07.2024 01:20:06.009 Info [P:23396 T:18768] - TDM.DataModuleCreate: C:\GitHub\Account\project\Win32\Debug\
04.07.2024 01:20:06.018 Info [P:23396 T:18768] - TDM.DataModuleCreate End
04.07.2024 01:20:29.393 Info [P:14004 T:21716] - TDM.DataModuleCreate Begin
04.07.2024 01:20:29.393 Info [P:14004 T:21716] - TDM.DataModuleCreate: C:\GitHub\Account\project\Win32\Debug\
04.07.2024 01:20:29.404 Info [P:14004 T:21716] - TDM.DataModuleCreate End
04.07.2024 01:25:10.146 Info [P:25948 T:22616] - TDM.DataModuleCreate Begin
04.07.2024 01:25:10.146 Info [P:25948 T:22616] - TDM.DataModuleCreate: C:\GitHub\Account\project\Win32\Debug\
04.07.2024 01:25:10.157 Info [P:25948 T:22616] - TDM.DataModuleCreate End
04.07.2024 01:25:38.505 Info [P:6336 T:11252] - TDM.DataModuleCreate Begin
04.07.2024 01:25:38.505 Info [P:6336 T:11252] - TDM.DataModuleCreate: C:\GitHub\Account\project\Win32\Debug\
04.07.2024 01:25:38.514 Info [P:6336 T:11252] - TDM.DataModuleCreate End
04.07.2024 01:27:47.904 Info [P:9376 T:11120] - TDM.DataModuleCreate Begin
04.07.2024 01:27:47.904 Info [P:9376 T:11120] - TDM.DataModuleCreate: C:\GitHub\Account\project\Win32\Debug\
04.07.2024 01:27:47.916 Info [P:9376 T:11120] - TDM.DataModuleCreate End
